# JRE version: Java(TM) SE Runtime Environment (7.0_76-b13) (build 1.7.0_76-b13)
# Java VM: Java HotSpot(TM) 64-Bit Server VM (24.76-b04 mixed mode linux-amd64 compressed oops)
Heap
 PSYoungGen      total 258048K, used 12258K [0x00000000d8000000, 0x00000000e8800000, 0x0000000100000000)
  eden space 245760K, 0% used [0x00000000d8000000,0x00000000d8000000,0x00000000e7000000)
  from space 12288K, 99% used [0x00000000e7000000,0x00000000e7bf88c0,0x00000000e7c00000)
  to   space 11776K, 0% used [0x00000000e7c80000,0x00000000e7c80000,0x00000000e8800000)
 ParOldGen       total 81920K, used 32063K [0x0000000088000000, 0x000000008d000000, 0x00000000d8000000)
  object space 81920K, 39% used [0x0000000088000000,0x0000000089f4fd38,0x000000008d000000)
 PSPermGen       total 26112K, used 25917K [0x0000000082e00000, 0x0000000084780000, 0x0000000088000000)
  object space 26112K, 99% used [0x0000000082e00000,0x000000008474f780,0x0000000084780000)
GC Heap History (10 events):
Event: 1,798 GC heap after
Heap after GC invocations=2 (full 0):
 PSYoungGen      total 66560K, used 5104K [0x00000000d8000000, 0x00000000dc600000, 0x0000000100000000)
  eden space 61440K, 0% used [0x00000000d8000000,0x00000000d8000000,0x00000000dbc00000)
  from space 5120K, 99% used [0x00000000dc100000,0x00000000dc5fc030,0x00000000dc600000)
  to   space 5120K, 0% used [0x00000000dbc00000,0x00000000dbc00000,0x00000000dc100000)
 ParOldGen       total 81920K, used 6526K [0x0000000088000000, 0x000000008d000000, 0x00000000d8000000)
  object space 81920K, 7% used [0x0000000088000000,0x000000008865fa90,0x000000008d000000)
 PSPermGen       total 21504K, used 14401K [0x0000000082e00000, 0x0000000084300000, 0x0000000088000000)
  object space 21504K, 66% used [0x0000000082e00000,0x0000000083c10798,0x0000000084300000)
}
Event: 2,836 GC heap before
{Heap before GC invocations=3 (full 0):
 PSYoungGen      total 66560K, used 66544K [0x00000000d8000000, 0x00000000dc600000, 0x0000000100000000)
  eden space 61440K, 100% used [0x00000000d8000000,0x00000000dbc00000,0x00000000dbc00000)
  from space 5120K, 99% used [0x00000000dc100000,0x00000000dc5fc030,0x00000000dc600000)
  to   space 5120K, 0% used [0x00000000dbc00000,0x00000000dbc00000,0x00000000dc100000)
 ParOldGen       total 81920K, used 6526K [0x0000000088000000, 0x000000008d000000, 0x00000000d8000000)
  object space 81920K, 7% used [0x0000000088000000,0x000000008865fa90,0x000000008d000000)
 PSPermGen       total 21504K, used 20086K [0x0000000082e00000, 0x0000000084300000, 0x0000000088000000)
  object space 21504K, 93% used [0x0000000082e00000,0x000000008419d920,0x0000000084300000)
Event: 2,849 GC heap after
Heap after GC invocations=3 (full 0):
 PSYoungGen      total 66560K, used 5120K [0x00000000d8000000, 0x00000000e0200000, 0x0000000100000000)
  eden space 61440K, 0% used [0x00000000d8000000,0x00000000d8000000,0x00000000dbc00000)
  from space 5120K, 100% used [0x00000000dbc00000,0x00000000dc100000,0x00000000dc100000)
  to   space 5120K, 0% used [0x00000000dfd00000,0x00000000dfd00000,0x00000000e0200000)
 ParOldGen       total 81920K, used 13859K [0x0000000088000000, 0x000000008d000000, 0x00000000d8000000)
  object space 81920K, 16% used [0x0000000088000000,0x0000000088d88de8,0x000000008d000000)
 PSPermGen       total 21504K, used 20086K [0x0000000082e00000, 0x0000000084300000, 0x0000000088000000)
  object space 21504K, 93% used [0x0000000082e00000,0x000000008419d920,0x0000000084300000)
}
Event: 4,191 GC heap before
{Heap before GC invocations=4 (full 0):
 PSYoungGen      total 66560K, used 66560K [0x00000000d8000000, 0x00000000e0200000, 0x0000000100000000)
  eden space 61440K, 100% used [0x00000000d8000000,0x00000000dbc00000,0x00000000dbc00000)
  from space 5120K, 100% used [0x00000000dbc00000,0x00000000dc100000,0x00000000dc100000)
  to   space 5120K, 0% used [0x00000000dfd00000,0x00000000dfd00000,0x00000000e0200000)
 ParOldGen       total 81920K, used 13859K [0x0000000088000000, 0x000000008d000000, 0x00000000d8000000)
  object space 81920K, 16% used [0x0000000088000000,0x0000000088d88de8,0x000000008d000000)
 PSPermGen       total 21504K, used 20763K [0x0000000082e00000, 0x0000000084300000, 0x0000000088000000)
  object space 21504K, 96% used [0x0000000082e00000,0x0000000084246d78,0x0000000084300000)
Event: 4,209 GC heap after
Heap after GC invocations=4 (full 0):
 PSYoungGen      total 128000K, used 5104K [0x00000000d8000000, 0x00000000e0200000, 0x0000000100000000)
  eden space 122880K, 0% used [0x00000000d8000000,0x00000000d8000000,0x00000000df800000)
  from space 5120K, 99% used [0x00000000dfd00000,0x00000000e01fc010,0x00000000e0200000)
  to   space 5120K, 0% used [0x00000000df800000,0x00000000df800000,0x00000000dfd00000)
 ParOldGen       total 81920K, used 19039K [0x0000000088000000, 0x000000008d000000, 0x00000000d8000000)
  object space 81920K, 23% used [0x0000000088000000,0x0000000089297dd0,0x000000008d000000)
 PSPermGen       total 21504K, used 20763K [0x0000000082e00000, 0x0000000084300000, 0x0000000088000000)
  object space 21504K, 96% used [0x0000000082e00000,0x0000000084246d78,0x0000000084300000)
}
Event: 5,374 GC heap before
{Heap before GC invocations=5 (full 0):
 PSYoungGen      total 128000K, used 127984K [0x00000000d8000000, 0x00000000e0200000, 0x0000000100000000)
  eden space 122880K, 100% used [0x00000000d8000000,0x00000000df800000,0x00000000df800000)
  from space 5120K, 99% used [0x00000000dfd00000,0x00000000e01fc010,0x00000000e0200000)
  to   space 5120K, 0% used [0x00000000df800000,0x00000000df800000,0x00000000dfd00000)
 ParOldGen       total 81920K, used 19039K [0x0000000088000000, 0x000000008d000000, 0x00000000d8000000)
  object space 81920K, 23% used [0x0000000088000000,0x0000000089297dd0,0x000000008d000000)
 PSPermGen       total 21504K, used 20957K [0x0000000082e00000, 0x0000000084300000, 0x0000000088000000)
  object space 21504K, 97% used [0x0000000082e00000,0x00000000842774c0,0x0000000084300000)
Event: 5,390 GC heap after
Heap after GC invocations=5 (full 0):
 PSYoungGen      total 128000K, used 5104K [0x00000000d8000000, 0x00000000e8900000, 0x0000000100000000)
  eden space 122880K, 0% used [0x00000000d8000000,0x00000000d8000000,0x00000000df800000)
  from space 5120K, 99% used [0x00000000df800000,0x00000000dfcfc030,0x00000000dfd00000)
  to   space 12800K, 0% used [0x00000000e7c80000,0x00000000e7c80000,0x00000000e8900000)
 ParOldGen       total 81920K, used 23831K [0x0000000088000000, 0x000000008d000000, 0x00000000d8000000)
  object space 81920K, 29% used [0x0000000088000000,0x0000000089745e00,0x000000008d000000)
 PSPermGen       total 21504K, used 20957K [0x0000000082e00000, 0x0000000084300000, 0x0000000088000000)
  object space 21504K, 97% used [0x0000000082e00000,0x00000000842774c0,0x0000000084300000)
}
Event: 6,615 GC heap before
{Heap before GC invocations=6 (full 0):
 PSYoungGen      total 128000K, used 127984K [0x00000000d8000000, 0x00000000e8900000, 0x0000000100000000)
  eden space 122880K, 100% used [0x00000000d8000000,0x00000000df800000,0x00000000df800000)
  from space 5120K, 99% used [0x00000000df800000,0x00000000dfcfc030,0x00000000dfd00000)
  to   space 12800K, 0% used [0x00000000e7c80000,0x00000000e7c80000,0x00000000e8900000)
 ParOldGen       total 81920K, used 23831K [0x0000000088000000, 0x000000008d000000, 0x00000000d8000000)
  object space 81920K, 29% used [0x0000000088000000,0x0000000089745e00,0x000000008d000000)
 PSPermGen       total 21504K, used 21057K [0x0000000082e00000, 0x0000000084300000, 0x0000000088000000)
  object space 21504K, 97% used [0x0000000082e00000,0x0000000084290450,0x0000000084300000)
Event: 6,632 GC heap after
Heap after GC invocations=6 (full 0):
 PSYoungGen      total 257536K, used 9904K [0x00000000d8000000, 0x00000000e8800000, 0x0000000100000000)
  eden space 245760K, 0% used [0x00000000d8000000,0x00000000d8000000,0x00000000e7000000)
  from space 11776K, 84% used [0x00000000e7c80000,0x00000000e862c030,0x00000000e8800000)
  to   space 12288K, 0% used [0x00000000e7000000,0x00000000e7000000,0x00000000e7c00000)
 ParOldGen       total 81920K, used 23831K [0x0000000088000000, 0x000000008d000000, 0x00000000d8000000)
  object space 81920K, 29% used [0x0000000088000000,0x0000000089745e00,0x000000008d000000)
 PSPermGen       total 21504K, used 21057K [0x0000000082e00000, 0x0000000084300000, 0x0000000088000000)
  object space 21504K, 97% used [0x0000000082e00000,0x0000000084290450,0x0000000084300000)
}
Event: 9,397 GC heap before
{Heap before GC invocations=7 (full 0):
 PSYoungGen      total 257536K, used 255664K [0x00000000d8000000, 0x00000000e8800000, 0x0000000100000000)
  eden space 245760K, 100% used [0x00000000d8000000,0x00000000e7000000,0x00000000e7000000)
  from space 11776K, 84% used [0x00000000e7c80000,0x00000000e862c030,0x00000000e8800000)
  to   space 12288K, 0% used [0x00000000e7000000,0x00000000e7000000,0x00000000e7c00000)
 ParOldGen       total 81920K, used 23831K [0x0000000088000000, 0x000000008d000000, 0x00000000d8000000)
  object space 81920K, 29% used [0x0000000088000000,0x0000000089745e00,0x000000008d000000)
 PSPermGen       total 26112K, used 25917K [0x0000000082e00000, 0x0000000084780000, 0x0000000088000000)
  object space 26112K, 99% used [0x0000000082e00000,0x000000008474f780,0x0000000084780000)

